<?xml version="1.0" encoding="UTF-8"?>
<!-- Generated by org.testng.reporters.JUnitReportReporter -->
<testsuite hostname="DESKTOP-ES31O09" failures="0" tests="8" name="todoitems.TodoItemManagerTests" time="11.209" errors="0" timestamp="2024-05-23T16:12:38 IST" skipped="0">
  <testcase classname="todoitems.TodoItemManagerTests" name="addTodoItemTest" time="0.605"/>
  <system-out/>
  <testcase classname="todoitems.TodoItemManagerTests" name="ToDoItemNotCompletedTest" time="0.078"/>
  <system-out/>
  <testcase classname="todoitems.TodoItemManagerTests" name="SetTodItemCompletedtatus" time="0.113"/>
  <system-out/>
  <testcase classname="todoitems.TodoItemManagerTests" name="FilterActiveTodoItemsTest" time="0.082"/>
  <system-out/>
  <testcase classname="todoitems.TodoItemManagerTests" name="DisplayAllTodoItemsTest" time="0.083"/>
  <system-out/>
  <testcase classname="todoitems.TodoItemManagerTests" name="DeleteToDoItemsWhichAreCompletedTest" time="0.068"/>
  <system-out/>
  <testcase classname="todoitems.TodoItemManagerTests" name="MarkAllTodoItemsCompletedTest" time="0.066"/>
  <system-out/>
  <testcase classname="todoitems.TodoItemManagerTests" name="DeleteAllTodoItemsTest" time="10.114"/>
  <system-out/>
</testsuite> <!-- todoitems.TodoItemManagerTests -->
